<?xml version="1.0" encoding="UTF-8"?>
<testng-results ignored="0" total="1" passed="1" failed="0" skipped="0">
  <reporter-output>
  </reporter-output>
  <suite started-at="2023-11-03T22:59:30 IST" name="Default suite" finished-at="2023-11-03T23:00:04 IST" duration-ms="33950">
    <groups>
      <group name="cucumber">
        <method signature="AbstractTestNGCucumberTests.runScenario(io.cucumber.testng.PickleWrapper,io.cucumber.testng.FeatureWrapper)[pri:0, instance:com.runner.TestRunner@3ee37e5a]" name="runScenario" class="io.cucumber.testng.AbstractTestNGCucumberTests"/>
      </group> <!-- cucumber -->
    </groups>
    <test started-at="2023-11-03T22:59:30 IST" name="Default test" finished-at="2023-11-03T23:00:04 IST" duration-ms="33950">
      <class name="com.runner.TestRunner">
        <test-method is-config="true" signature="setUpClass(org.testng.ITestContext)[pri:0, instance:com.runner.TestRunner@3ee37e5a]" started-at="2023-11-03T22:59:30 IST" name="setUpClass" finished-at="2023-11-03T22:59:31 IST" duration-ms="809" status="PASS">
          <params>
            <param index="0">
              <value>
                <![CDATA[org.testng.TestRunner@51b01550]]>
              </value>
            </param>
          </params>
          <reporter-output>
          </reporter-output>
        </test-method> <!-- setUpClass -->
        <test-method signature="runScenario(io.cucumber.testng.PickleWrapper,io.cucumber.testng.FeatureWrapper)[pri:0, instance:com.runner.TestRunner@3ee37e5a]" started-at="2023-11-03T22:59:31 IST" name="runScenario" description="Runs Cucumber Scenarios" data-provider="scenarios" finished-at="2023-11-03T23:00:02 IST" duration-ms="31294" status="PASS">
          <params>
            <param index="0">
              <value>
                <![CDATA["Navigate to iFrame page and verify no of images"]]>
              </value>
            </param>
            <param index="1">
              <value>
                <![CDATA["Visit iFrame page and verify no of images"]]>
              </value>
            </param>
          </params>
          <reporter-output>
          </reporter-output>
        </test-method> <!-- runScenario -->
        <test-method is-config="true" signature="tearDownClass()[pri:0, instance:com.runner.TestRunner@3ee37e5a]" started-at="2023-11-03T23:00:02 IST" name="tearDownClass" finished-at="2023-11-03T23:00:04 IST" duration-ms="1775" status="PASS">
          <reporter-output>
          </reporter-output>
        </test-method> <!-- tearDownClass -->
      </class> <!-- com.runner.TestRunner -->
    </test> <!-- Default test -->
  </suite> <!-- Default suite -->
</testng-results>
